This is pdfTeX, Version 3.141592653-2.6-1.40.24 (MiKTeX 22.8.28) (preloaded format=pdflatex 2022.9.30)  23 APR 2023 15:49
entering extended mode
 restricted \write18 enabled.
 file:line:error style messages enabled.
 %&-line parsing enabled.
**"d:/Università/Terzo Anno/Secondo Semestre/Metodi Numerici dell'Informatica/Latex/02 - Regressione polinomiale/regressione_polinomiale.tex"
(d:/Università/Terzo Anno/Secondo Semestre/Metodi Numerici dell'Informatica/Latex/02 - Regressione polinomiale/regressione_polinomiale.tex
LaTeX2e <2022-06-01> patch level 5
L3 programming layer <2022-08-30> (E:\Programs\MiKTex\tex/latex/base\article.cls
Document Class: article 2021/10/04 v1.4n Standard LaTeX document class
(E:\Programs\MiKTex\tex/latex/base\size10.clo
File: size10.clo 2021/10/04 v1.4n Standard LaTeX file (size option)
)
\c@part=\count185
\c@section=\count186
\c@subsection=\count187
\c@subsubsection=\count188
\c@paragraph=\count189
\c@subparagraph=\count190
\c@figure=\count191
\c@table=\count192
\abovecaptionskip=\skip47
\belowcaptionskip=\skip48
\bibindent=\dimen138
) (E:\Programs\MiKTex\tex/latex/amsfonts\amssymb.sty
Package: amssymb 2013/01/14 v3.01 AMS font symbols
 (E:\Programs\MiKTex\tex/latex/amsfonts\amsfonts.sty
Package: amsfonts 2013/01/14 v3.01 Basic AMSFonts support
\@emptytoks=\toks16
\symAMSa=\mathgroup4
\symAMSb=\mathgroup5
LaTeX Font Info:    Redeclaring math symbol \hbar on input line 98.
LaTeX Font Info:    Overwriting math alphabet `\mathfrak' in version `bold'
(Font)                  U/euf/m/n --> U/euf/b/n on input line 106.
)) (E:\Programs\MiKTex\tex/latex/amsmath\amsmath.sty
Package: amsmath 2022/04/08 v2.17n AMS math features
\@mathmargin=\skip49

For additional information on amsmath, use the `?' option.
(E:\Programs\MiKTex\tex/latex/amsmath\amstext.sty
Package: amstext 2021/08/26 v2.01 AMS text
 (E:\Programs\MiKTex\tex/latex/amsmath\amsgen.sty
File: amsgen.sty 1999/11/30 v2.0 generic functions
\@emptytoks=\toks17
\ex@=\dimen139
)) (E:\Programs\MiKTex\tex/latex/amsmath\amsbsy.sty
Package: amsbsy 1999/11/29 v1.2d Bold Symbols
\pmbraise@=\dimen140
) (E:\Programs\MiKTex\tex/latex/amsmath\amsopn.sty
Package: amsopn 2022/04/08 v2.04 operator names
)
\inf@bad=\count193
LaTeX Info: Redefining \frac on input line 234.
\uproot@=\count194
\leftroot@=\count195
LaTeX Info: Redefining \overline on input line 399.
LaTeX Info: Redefining \colon on input line 410.
\classnum@=\count196
\DOTSCASE@=\count197
LaTeX Info: Redefining \ldots on input line 496.
LaTeX Info: Redefining \dots on input line 499.
LaTeX Info: Redefining \cdots on input line 620.
\Mathstrutbox@=\box51
\strutbox@=\box52
LaTeX Info: Redefining \big on input line 722.
LaTeX Info: Redefining \Big on input line 723.
LaTeX Info: Redefining \bigg on input line 724.
LaTeX Info: Redefining \Bigg on input line 725.
\big@size=\dimen141
LaTeX Font Info:    Redeclaring font encoding OML on input line 743.
LaTeX Font Info:    Redeclaring font encoding OMS on input line 744.
\macc@depth=\count198
LaTeX Info: Redefining \bmod on input line 905.
LaTeX Info: Redefining \pmod on input line 910.
LaTeX Info: Redefining \smash on input line 940.
LaTeX Info: Redefining \relbar on input line 970.
LaTeX Info: Redefining \Relbar on input line 971.
\c@MaxMatrixCols=\count199
\dotsspace@=\muskip16
\c@parentequation=\count266
\dspbrk@lvl=\count267
\tag@help=\toks18
\row@=\count268
\column@=\count269
\maxfields@=\count270
\andhelp@=\toks19
\eqnshift@=\dimen142
\alignsep@=\dimen143
\tagshift@=\dimen144
\tagwidth@=\dimen145
\totwidth@=\dimen146
\lineht@=\dimen147
\@envbody=\toks20
\multlinegap=\skip50
\multlinetaggap=\skip51
\mathdisplay@stack=\toks21
LaTeX Info: Redefining \[ on input line 2953.
LaTeX Info: Redefining \] on input line 2954.
) (E:\Programs\MiKTex\tex/latex/xcolor\xcolor.sty
Package: xcolor 2022/06/12 v2.14 LaTeX color extensions (UK)
 (E:\Programs\MiKTex\tex/latex/graphics-cfg\color.cfg
File: color.cfg 2016/01/02 v1.6 sample color configuration
)
Package xcolor Info: Driver file: pdftex.def on input line 227.
 (E:\Programs\MiKTex\tex/latex/graphics-def\pdftex.def
File: pdftex.def 2020/10/05 v1.2a Graphics/color driver for pdftex
) (E:\Programs\MiKTex\tex/latex-dev/graphics\mathcolor.ltx)
Package xcolor Info: Model `cmy' substituted by `cmy0' on input line 1353.
Package xcolor Info: Model `hsb' substituted by `rgb' on input line 1357.
Package xcolor Info: Model `RGB' extended on input line 1369.
Package xcolor Info: Model `HTML' substituted by `rgb' on input line 1371.
Package xcolor Info: Model `Hsb' substituted by `hsb' on input line 1372.
Package xcolor Info: Model `tHsb' substituted by `hsb' on input line 1373.
Package xcolor Info: Model `HSB' substituted by `hsb' on input line 1374.
Package xcolor Info: Model `Gray' substituted by `gray' on input line 1375.
Package xcolor Info: Model `wave' substituted by `hsb' on input line 1376.
) (E:\Programs\MiKTex\tex/latex/cancel\cancel.sty
Package: cancel 2013/04/12 v2.2 Cancel math terms
) (E:\Programs\MiKTex\tex/latex/graphics\graphicx.sty
Package: graphicx 2021/09/16 v1.2d Enhanced LaTeX Graphics (DPC,SPQR)
 (E:\Programs\MiKTex\tex/latex/graphics\keyval.sty
Package: keyval 2022/05/29 v1.15 key=value parser (DPC)
\KV@toks@=\toks22
) (E:\Programs\MiKTex\tex/latex/graphics\graphics.sty
Package: graphics 2022/03/10 v1.4e Standard LaTeX Graphics (DPC,SPQR)
 (E:\Programs\MiKTex\tex/latex/graphics\trig.sty
Package: trig 2021/08/11 v1.11 sin cos tan (DPC)
) (E:\Programs\MiKTex\tex/latex/graphics-cfg\graphics.cfg
File: graphics.cfg 2016/06/04 v1.11 sample graphics configuration
)
Package graphics Info: Driver file: pdftex.def on input line 107.
)
\Gin@req@height=\dimen148
\Gin@req@width=\dimen149
) (E:\Programs\MiKTex\tex/latex/caption\caption.sty
Package: caption 2022/03/01 v3.6b Customizing captions (AR)
 (E:\Programs\MiKTex\tex/latex/caption\caption3.sty
Package: caption3 2022/03/17 v2.3b caption3 kernel (AR)
\caption@tempdima=\dimen150
\captionmargin=\dimen151
\caption@leftmargin=\dimen152
\caption@rightmargin=\dimen153
\caption@width=\dimen154
\caption@indent=\dimen155
\caption@parindent=\dimen156
\caption@hangindent=\dimen157
Package caption Info: Standard document class detected.
)
\c@caption@flags=\count271
\c@continuedfloat=\count272
) (E:\Programs\MiKTex\tex/latex/l3backend\l3backend-pdftex.def
File: l3backend-pdftex.def 2022-08-30 L3 backend support: PDF output (pdfTeX)
\l__color_backend_stack_int=\count273
\l__pdf_internal_box=\box53
) (regressione_polinomiale.aux)
\openout1 = `regressione_polinomiale.aux'.

LaTeX Font Info:    Checking defaults for OML/cmm/m/it on input line 16.
LaTeX Font Info:    ... okay on input line 16.
LaTeX Font Info:    Checking defaults for OMS/cmsy/m/n on input line 16.
LaTeX Font Info:    ... okay on input line 16.
LaTeX Font Info:    Checking defaults for OT1/cmr/m/n on input line 16.
LaTeX Font Info:    ... okay on input line 16.
LaTeX Font Info:    Checking defaults for T1/cmr/m/n on input line 16.
LaTeX Font Info:    ... okay on input line 16.
LaTeX Font Info:    Checking defaults for TS1/cmr/m/n on input line 16.
LaTeX Font Info:    ... okay on input line 16.
LaTeX Font Info:    Checking defaults for OMX/cmex/m/n on input line 16.
LaTeX Font Info:    ... okay on input line 16.
LaTeX Font Info:    Checking defaults for U/cmr/m/n on input line 16.
LaTeX Font Info:    ... okay on input line 16.
 (E:\Programs\MiKTex\tex/context/base/mkii\supp-pdf.mkii
[Loading MPS to PDF converter (version 2006.09.02).]
\scratchcounter=\count274
\scratchdimen=\dimen158
\scratchbox=\box54
\nofMPsegments=\count275
\nofMParguments=\count276
\everyMPshowfont=\toks23
\MPscratchCnt=\count277
\MPscratchDim=\dimen159
\MPnumerator=\count278
\makeMPintoPDFobject=\count279
\everyMPtoPDFconversion=\toks24
) (E:\Programs\MiKTex\tex/latex/epstopdf-pkg\epstopdf-base.sty
Package: epstopdf-base 2020-01-24 v2.11 Base part for package epstopdf
Package epstopdf-base Info: Redefining graphics rule for `.eps' on input line 485.
 (E:\Programs\MiKTex\tex/latex/00miktex\epstopdf-sys.cfg
File: epstopdf-sys.cfg 2021/03/18 v2.0 Configuration of epstopdf for MiKTeX
))
Package caption Info: Begin \AtBeginDocument code.
Package caption Info: End \AtBeginDocument code.
LaTeX Font Info:    Trying to load font information for U+msa on input line 17.
 (E:\Programs\MiKTex\tex/latex/amsfonts\umsa.fd
File: umsa.fd 2013/01/14 v3.01 AMS symbols A
)
LaTeX Font Info:    Trying to load font information for U+msb on input line 17.
 (E:\Programs\MiKTex\tex/latex/amsfonts\umsb.fd
File: umsb.fd 2013/01/14 v3.01 AMS symbols B
)
<graph_01.png, id=1, 336.50719pt x 331.99031pt>
File: graph_01.png Graphic file (type png)
<use graph_01.png>
Package pdftex.def Info: graph_01.png  used on input line 21.
(pdftex.def)             Requested size: 150.79968pt x 148.77623pt.
<graph_02.png, id=3, 585.68813pt x 256.70906pt>
File: graph_02.png Graphic file (type png)
<use graph_02.png>
Package pdftex.def Info: graph_02.png  used on input line 25.
(pdftex.def)             Requested size: 305.75711pt x 134.01266pt.
 [1

{C:/Users/Anthony322/AppData/Local/MiKTeX/fonts/map/pdftex/pdftex.map} <./graph_01.png> <./graph_02.png>]
<jensen.png, id=18, 411.03563pt x 173.14688pt>
File: jensen.png Graphic file (type png)
<use jensen.png>
Package pdftex.def Info: jensen.png  used on input line 58.
(pdftex.def)             Requested size: 284.52756pt x 119.85455pt.
 [2]

Package caption Warning: \captionsetup{type*=...} or \captionof
(caption)                outside box or environment on input line 59.
See the caption package documentation for explanation.

<taylor.png, id=29, 601.4972pt x 252.19218pt>
File: taylor.png Graphic file (type png)
<use taylor.png>
Package pdftex.def Info: taylor.png  used on input line 76.
(pdftex.def)             Requested size: 261.76526pt x 109.75273pt.
[3 <./jensen.png> <./taylor.png>] [4]
<gradient.png, id=42, 460.72125pt x 317.68687pt>
File: gradient.png Graphic file (type png)
<use gradient.png>
Package pdftex.def Info: gradient.png  used on input line 106.
(pdftex.def)             Requested size: 284.52756pt x 196.19305pt.
<gradient_2.png, id=43, 449.42906pt x 385.44pt>
File: gradient_2.png Graphic file (type png)
<use gradient_2.png>
Package pdftex.def Info: gradient_2.png  used on input line 109.
(pdftex.def)             Requested size: 284.52756pt x 244.02827pt.
 [5 <./gradient.png> <./gradient_2.png>]
<euclidean_distance.png, id=49, 495.35063pt x 219.82124pt>
File: euclidean_distance.png Graphic file (type png)
<use euclidean_distance.png>
Package pdftex.def Info: euclidean_distance.png  used on input line 116.
(pdftex.def)             Requested size: 284.52756pt x 126.26541pt.

Underfull \hbox (badness 10000) in paragraph at lines 120--128

 []

[6 <./euclidean_distance.png>] [7]
<pol_regr.png, id=59, 597.73312pt x 293.59688pt>
File: pol_regr.png Graphic file (type png)
<use pol_regr.png>
Package pdftex.def Info: pol_regr.png  used on input line 237.
(pdftex.def)             Requested size: 278.83708pt x 136.96016pt.
 [8 <./pol_regr.png>]
<stone_weier.png, id=64, 615.80063pt x 251.43938pt>
File: stone_weier.png Graphic file (type png)
<use stone_weier.png>
Package pdftex.def Info: stone_weier.png  used on input line 272.
(pdftex.def)             Requested size: 341.43306pt x 139.41237pt.
 [9 <./stone_weier.png>] [10] [11] (regressione_polinomiale.aux) ) 
Here is how much of TeX's memory you used:
 4512 strings out of 475389
 71638 string characters out of 2789179
 424459 words of memory out of 3000000
 25850 multiletter control sequences out of 15000+600000
 478694 words of font info for 64 fonts, out of 8000000 for 9000
 1141 hyphenation exceptions out of 8191
 55i,15n,63p,385b,241s stack positions out of 10000i,1000n,20000p,200000b,80000s
<E:/Programs/MiKTex/fonts/type1/public/amsfonts/cm/cmbx10.pfb><E:/Programs/MiKTex/fonts/type1/public/amsfonts/cm/cmbx12.pfb><E:/Programs/MiKTex/fonts/type1/public/amsfonts/cm/cmbx7.pfb><E:/Programs/MiKTex/fonts/type1/public/amsfonts/cm/cmbx9.pfb><E:/Programs/MiKTex/fonts/type1/public/amsfonts/cm/cmex10.pfb><E:/Programs/MiKTex/fonts/type1/public/amsfonts/cm/cmmi10.pfb><E:/Programs/MiKTex/fonts/type1/public/amsfonts/cm/cmmi5.pfb><E:/Programs/MiKTex/fonts/type1/public/amsfonts/cm/cmmi7.pfb><E:/Programs/MiKTex/fonts/type1/public/amsfonts/cm/cmr10.pfb><E:/Programs/MiKTex/fonts/type1/public/amsfonts/cm/cmr12.pfb><E:/Programs/MiKTex/fonts/type1/public/amsfonts/cm/cmr17.pfb><E:/Programs/MiKTex/fonts/type1/public/amsfonts/cm/cmr5.pfb><E:/Programs/MiKTex/fonts/type1/public/amsfonts/cm/cmr7.pfb><E:/Programs/MiKTex/fonts/type1/public/amsfonts/cm/cmr9.pfb><E:/Programs/MiKTex/fonts/type1/public/amsfonts/cm/cmsy10.pfb><E:/Programs/MiKTex/fonts/type1/public/amsfonts/cm/cmsy7.pfb><E:/Programs/MiKTex/fonts/type1/public/amsfonts/cm/cmti10.pfb><E:/Programs/MiKTex/fonts/type1/public/amsfonts/latxfont/line10.pfb><E:/Programs/MiKTex/fonts/type1/public/amsfonts/symbols/msbm10.pfb><E:/Programs/MiKTex/fonts/type1/public/amsfonts/symbols/msbm7.pfb>
Output written on regressione_polinomiale.pdf (11 pages, 654411 bytes).
PDF statistics:
 157 PDF objects out of 1000 (max. 8388607)
 0 named destinations out of 1000 (max. 500000)
 46 words of extra memory for PDF output out of 10000 (max. 10000000)

