This is pdfTeX, Version 3.141592653-2.6-1.40.24 (MiKTeX 22.8.28) (preloaded format=pdflatex 2022.9.30)  15 JUN 2023 12:01
entering extended mode
 restricted \write18 enabled.
 file:line:error style messages enabled.
 %&-line parsing enabled.
**"d:/Università/Terzo Anno/Secondo Semestre/Metodi Numerici dell'Informatica/Latex/03 - Regolarizzazione, smoothing e sparsità/regolarizzazione_smoothing_sparsità.tex"
(d:/Università/Terzo Anno/Secondo Semestre/Metodi Numerici dell'Informatica/Latex/03 - Regolarizzazione, smoothing e sparsità/regolarizzazione_smoothing_sparsità.tex
LaTeX2e <2022-06-01> patch level 5
L3 programming layer <2022-08-30> (E:\Programs\MiKTex\tex/latex/base\article.cls
Document Class: article 2021/10/04 v1.4n Standard LaTeX document class
(E:\Programs\MiKTex\tex/latex/base\size10.clo
File: size10.clo 2021/10/04 v1.4n Standard LaTeX file (size option)
)
\c@part=\count185
\c@section=\count186
\c@subsection=\count187
\c@subsubsection=\count188
\c@paragraph=\count189
\c@subparagraph=\count190
\c@figure=\count191
\c@table=\count192
\abovecaptionskip=\skip47
\belowcaptionskip=\skip48
\bibindent=\dimen138
) (E:\Programs\MiKTex\tex/latex/amsfonts\amssymb.sty
Package: amssymb 2013/01/14 v3.01 AMS font symbols
 (E:\Programs\MiKTex\tex/latex/amsfonts\amsfonts.sty
Package: amsfonts 2013/01/14 v3.01 Basic AMSFonts support
\@emptytoks=\toks16
\symAMSa=\mathgroup4
\symAMSb=\mathgroup5
LaTeX Font Info:    Redeclaring math symbol \hbar on input line 98.
LaTeX Font Info:    Overwriting math alphabet `\mathfrak' in version `bold'
(Font)                  U/euf/m/n --> U/euf/b/n on input line 106.
)) (E:\Programs\MiKTex\tex/latex/amsmath\amsmath.sty
Package: amsmath 2022/04/08 v2.17n AMS math features
\@mathmargin=\skip49

For additional information on amsmath, use the `?' option.
(E:\Programs\MiKTex\tex/latex/amsmath\amstext.sty
Package: amstext 2021/08/26 v2.01 AMS text
 (E:\Programs\MiKTex\tex/latex/amsmath\amsgen.sty
File: amsgen.sty 1999/11/30 v2.0 generic functions
\@emptytoks=\toks17
\ex@=\dimen139
)) (E:\Programs\MiKTex\tex/latex/amsmath\amsbsy.sty
Package: amsbsy 1999/11/29 v1.2d Bold Symbols
\pmbraise@=\dimen140
) (E:\Programs\MiKTex\tex/latex/amsmath\amsopn.sty
Package: amsopn 2022/04/08 v2.04 operator names
)
\inf@bad=\count193
LaTeX Info: Redefining \frac on input line 234.
\uproot@=\count194
\leftroot@=\count195
LaTeX Info: Redefining \overline on input line 399.
LaTeX Info: Redefining \colon on input line 410.
\classnum@=\count196
\DOTSCASE@=\count197
LaTeX Info: Redefining \ldots on input line 496.
LaTeX Info: Redefining \dots on input line 499.
LaTeX Info: Redefining \cdots on input line 620.
\Mathstrutbox@=\box51
\strutbox@=\box52
LaTeX Info: Redefining \big on input line 722.
LaTeX Info: Redefining \Big on input line 723.
LaTeX Info: Redefining \bigg on input line 724.
LaTeX Info: Redefining \Bigg on input line 725.
\big@size=\dimen141
LaTeX Font Info:    Redeclaring font encoding OML on input line 743.
LaTeX Font Info:    Redeclaring font encoding OMS on input line 744.
\macc@depth=\count198
LaTeX Info: Redefining \bmod on input line 905.
LaTeX Info: Redefining \pmod on input line 910.
LaTeX Info: Redefining \smash on input line 940.
LaTeX Info: Redefining \relbar on input line 970.
LaTeX Info: Redefining \Relbar on input line 971.
\c@MaxMatrixCols=\count199
\dotsspace@=\muskip16
\c@parentequation=\count266
\dspbrk@lvl=\count267
\tag@help=\toks18
\row@=\count268
\column@=\count269
\maxfields@=\count270
\andhelp@=\toks19
\eqnshift@=\dimen142
\alignsep@=\dimen143
\tagshift@=\dimen144
\tagwidth@=\dimen145
\totwidth@=\dimen146
\lineht@=\dimen147
\@envbody=\toks20
\multlinegap=\skip50
\multlinetaggap=\skip51
\mathdisplay@stack=\toks21
LaTeX Info: Redefining \[ on input line 2953.
LaTeX Info: Redefining \] on input line 2954.
) (E:\Programs\MiKTex\tex/latex/graphics\graphicx.sty
Package: graphicx 2021/09/16 v1.2d Enhanced LaTeX Graphics (DPC,SPQR)
 (E:\Programs\MiKTex\tex/latex/graphics\keyval.sty
Package: keyval 2022/05/29 v1.15 key=value parser (DPC)
\KV@toks@=\toks22
) (E:\Programs\MiKTex\tex/latex/graphics\graphics.sty
Package: graphics 2022/03/10 v1.4e Standard LaTeX Graphics (DPC,SPQR)
 (E:\Programs\MiKTex\tex/latex/graphics\trig.sty
Package: trig 2021/08/11 v1.11 sin cos tan (DPC)
) (E:\Programs\MiKTex\tex/latex/graphics-cfg\graphics.cfg
File: graphics.cfg 2016/06/04 v1.11 sample graphics configuration
)
Package graphics Info: Driver file: pdftex.def on input line 107.
 (E:\Programs\MiKTex\tex/latex/graphics-def\pdftex.def
File: pdftex.def 2020/10/05 v1.2a Graphics/color driver for pdftex
))
\Gin@req@height=\dimen148
\Gin@req@width=\dimen149
) (E:\Programs\MiKTex\tex/latex/l3backend\l3backend-pdftex.def
File: l3backend-pdftex.def 2022-08-30 L3 backend support: PDF output (pdfTeX)
\l__color_backend_stack_int=\count271
\l__pdf_internal_box=\box53
) (regolarizzazione_smoothing_sparsità.aux)
\openout1 = `regolarizzazione_smoothing_sparsità.aux'.

LaTeX Font Info:    Checking defaults for OML/cmm/m/it on input line 11.
LaTeX Font Info:    ... okay on input line 11.
LaTeX Font Info:    Checking defaults for OMS/cmsy/m/n on input line 11.
LaTeX Font Info:    ... okay on input line 11.
LaTeX Font Info:    Checking defaults for OT1/cmr/m/n on input line 11.
LaTeX Font Info:    ... okay on input line 11.
LaTeX Font Info:    Checking defaults for T1/cmr/m/n on input line 11.
LaTeX Font Info:    ... okay on input line 11.
LaTeX Font Info:    Checking defaults for TS1/cmr/m/n on input line 11.
LaTeX Font Info:    ... okay on input line 11.
LaTeX Font Info:    Checking defaults for OMX/cmex/m/n on input line 11.
LaTeX Font Info:    ... okay on input line 11.
LaTeX Font Info:    Checking defaults for U/cmr/m/n on input line 11.
LaTeX Font Info:    ... okay on input line 11.
 (E:\Programs\MiKTex\tex/context/base/mkii\supp-pdf.mkii
[Loading MPS to PDF converter (version 2006.09.02).]
\scratchcounter=\count272
\scratchdimen=\dimen150
\scratchbox=\box54
\nofMPsegments=\count273
\nofMParguments=\count274
\everyMPshowfont=\toks23
\MPscratchCnt=\count275
\MPscratchDim=\dimen151
\MPnumerator=\count276
\makeMPintoPDFobject=\count277
\everyMPtoPDFconversion=\toks24
) (E:\Programs\MiKTex\tex/latex/epstopdf-pkg\epstopdf-base.sty
Package: epstopdf-base 2020-01-24 v2.11 Base part for package epstopdf
Package epstopdf-base Info: Redefining graphics rule for `.eps' on input line 485.
 (E:\Programs\MiKTex\tex/latex/00miktex\epstopdf-sys.cfg
File: epstopdf-sys.cfg 2021/03/18 v2.0 Configuration of epstopdf for MiKTeX
))
LaTeX Font Info:    Trying to load font information for U+msa on input line 12.
 (E:\Programs\MiKTex\tex/latex/amsfonts\umsa.fd
File: umsa.fd 2013/01/14 v3.01 AMS symbols A
)
LaTeX Font Info:    Trying to load font information for U+msb on input line 12.
 (E:\Programs\MiKTex\tex/latex/amsfonts\umsb.fd
File: umsb.fd 2013/01/14 v3.01 AMS symbols B
) [1

{C:/Users/Anthony322/AppData/Local/MiKTeX/fonts/map/pdftex/pdftex.map}]
Overfull \hbox (8.55626pt too wide) in paragraph at lines 52--56
\OT1/cmr/m/n/10 In par-ti-co-lare, quando un prob-lema ^^Re sotto-determinato, es-istono in-fi-nite soluzioni.
 []


Overfull \hbox (16.63954pt too wide) in paragraph at lines 57--60
\OT1/cmr/m/n/10 Idea: ef-fet-tuiamo as-sun-zioni gen-er-ali e le scriv-i-amo come ter-mini dell'ottimizzazione. 
 []

[2]
<tikhonov_example.png, id=23, 447.92343pt x 253.69781pt>
File: tikhonov_example.png Graphic file (type png)
<use tikhonov_example.png>
Package pdftex.def Info: tikhonov_example.png  used on input line 90.
(pdftex.def)             Requested size: 256.0748pt x 145.03894pt.
 [3] [4 <./tikhonov_example.png>]
<lp_norms.png, id=37, 1328.71407pt x 358.33875pt>
File: lp_norms.png Graphic file (type png)
<use lp_norms.png>
Package pdftex.def Info: lp_norms.png  used on input line 109.
(pdftex.def)             Requested size: 341.43306pt x 92.07777pt.

Overfull \hbox (2.18114pt too wide) in paragraph at lines 113--116
\OT1/cmr/m/n/10 Tikhonov es-prime un prob-lema di min-i-miz-zazione, per cui dalla $\OT1/cmr/bx/n/10 x$ \OT1/cmr/m/n/10 dell'espressione
 []

<tikhonov_l1l2.png, id=38, 985.43156pt x 382.42876pt>
File: tikhonov_l1l2.png Graphic file (type png)
<use tikhonov_l1l2.png>
Package pdftex.def Info: tikhonov_l1l2.png  used on input line 116.
(pdftex.def)             Requested size: 341.43306pt x 132.50409pt.
[5 <./lp_norms.png> <./tikhonov_l1l2.png>] [6]
<onda_quadra.png, id=47, 822.07124pt x 284.56313pt>
File: onda_quadra.png Graphic file (type png)
<use onda_quadra.png>
Package pdftex.def Info: onda_quadra.png  used on input line 193.
(pdftex.def)             Requested size: 284.52756pt x 98.487pt.
 [7]
<onda_quadra_l2.png, id=52, 621.07031pt x 475.7775pt>
File: onda_quadra_l2.png Graphic file (type png)
<use onda_quadra_l2.png>
Package pdftex.def Info: onda_quadra_l2.png  used on input line 195.
(pdftex.def)             Requested size: 284.52756pt x 217.96735pt.
<onda_quadra_l1.png, id=53, 786.68906pt x 581.17125pt>
File: onda_quadra_l1.png Graphic file (type png)
<use onda_quadra_l1.png>
Package pdftex.def Info: onda_quadra_l1.png  used on input line 202.
(pdftex.def)             Requested size: 284.52756pt x 210.19696pt.
 [8 <./onda_quadra.png> <./onda_quadra_l2.png>] [9 <./onda_quadra_l1.png>] (regolarizzazione_smoothing_sparsità.aux) ) 
Here is how much of TeX's memory you used:
 2623 strings out of 475389
 38997 string characters out of 2789179
 383646 words of memory out of 3000000
 23984 multiletter control sequences out of 15000+600000
 479043 words of font info for 65 fonts, out of 8000000 for 9000
 1141 hyphenation exceptions out of 8191
 55i,9n,62p,382b,219s stack positions out of 10000i,1000n,20000p,200000b,80000s
 <C:\Users\Anthony322\AppData\Local\MiKTeX\fonts/pk/ljfour/jknappen/ec/dpi600\tcrm1000.pk><E:/Programs/MiKTex/fonts/type1/public/amsfonts/cm/cmbx10.pfb><E:/Programs/MiKTex/fonts/type1/public/amsfonts/cm/cmbx12.pfb><E:/Programs/MiKTex/fonts/type1/public/amsfonts/cm/cmbx7.pfb><E:/Programs/MiKTex/fonts/type1/public/amsfonts/cm/cmex10.pfb><E:/Programs/MiKTex/fonts/type1/public/amsfonts/cm/cmmi10.pfb><E:/Programs/MiKTex/fonts/type1/public/amsfonts/cm/cmmi12.pfb><E:/Programs/MiKTex/fonts/type1/public/amsfonts/cm/cmmi5.pfb><E:/Programs/MiKTex/fonts/type1/public/amsfonts/cm/cmmi7.pfb><E:/Programs/MiKTex/fonts/type1/public/amsfonts/cm/cmmi8.pfb><E:/Programs/MiKTex/fonts/type1/public/amsfonts/cm/cmr10.pfb><E:/Programs/MiKTex/fonts/type1/public/amsfonts/cm/cmr12.pfb><E:/Programs/MiKTex/fonts/type1/public/amsfonts/cm/cmr17.pfb><E:/Programs/MiKTex/fonts/type1/public/amsfonts/cm/cmr5.pfb><E:/Programs/MiKTex/fonts/type1/public/amsfonts/cm/cmr7.pfb><E:/Programs/MiKTex/fonts/type1/public/amsfonts/cm/cmsy10.pfb><E:/Programs/MiKTex/fonts/type1/public/amsfonts/cm/cmsy7.pfb><E:/Programs/MiKTex/fonts/type1/public/amsfonts/cm/cmti10.pfb><E:/Programs/MiKTex/fonts/type1/public/amsfonts/symbols/msbm10.pfb><E:/Programs/MiKTex/fonts/type1/public/amsfonts/symbols/msbm7.pfb>
Output written on regolarizzazione_smoothing_sparsità.pdf (9 pages, 674233 bytes).
PDF statistics:
 145 PDF objects out of 1000 (max. 8388607)
 0 named destinations out of 1000 (max. 500000)
 31 words of extra memory for PDF output out of 10000 (max. 10000000)

