This is pdfTeX, Version 3.141592653-2.6-1.40.24 (MiKTeX 22.8.28) (preloaded format=pdflatex 2022.9.30)  15 JUN 2023 16:11
entering extended mode
 restricted \write18 enabled.
 file:line:error style messages enabled.
 %&-line parsing enabled.
**"d:/Università/Terzo Anno/Secondo Semestre/Metodi Numerici dell'Informatica/Latex/05 - Decomposizione spettrale/decomposizione_spettrale.tex"
(d:/Università/Terzo Anno/Secondo Semestre/Metodi Numerici dell'Informatica/Latex/05 - Decomposizione spettrale/decomposizione_spettrale.tex
LaTeX2e <2022-06-01> patch level 5
L3 programming layer <2022-08-30> (E:\Programs\MiKTex\tex/latex/base\article.cls
Document Class: article 2021/10/04 v1.4n Standard LaTeX document class
(E:\Programs\MiKTex\tex/latex/base\size10.clo
File: size10.clo 2021/10/04 v1.4n Standard LaTeX file (size option)
)
\c@part=\count185
\c@section=\count186
\c@subsection=\count187
\c@subsubsection=\count188
\c@paragraph=\count189
\c@subparagraph=\count190
\c@figure=\count191
\c@table=\count192
\abovecaptionskip=\skip47
\belowcaptionskip=\skip48
\bibindent=\dimen138
) (E:\Programs\MiKTex\tex/latex/amsfonts\amssymb.sty
Package: amssymb 2013/01/14 v3.01 AMS font symbols
 (E:\Programs\MiKTex\tex/latex/amsfonts\amsfonts.sty
Package: amsfonts 2013/01/14 v3.01 Basic AMSFonts support
\@emptytoks=\toks16
\symAMSa=\mathgroup4
\symAMSb=\mathgroup5
LaTeX Font Info:    Redeclaring math symbol \hbar on input line 98.
LaTeX Font Info:    Overwriting math alphabet `\mathfrak' in version `bold'
(Font)                  U/euf/m/n --> U/euf/b/n on input line 106.
)) (E:\Programs\MiKTex\tex/latex/amsmath\amsmath.sty
Package: amsmath 2022/04/08 v2.17n AMS math features
\@mathmargin=\skip49

For additional information on amsmath, use the `?' option.
(E:\Programs\MiKTex\tex/latex/amsmath\amstext.sty
Package: amstext 2021/08/26 v2.01 AMS text
 (E:\Programs\MiKTex\tex/latex/amsmath\amsgen.sty
File: amsgen.sty 1999/11/30 v2.0 generic functions
\@emptytoks=\toks17
\ex@=\dimen139
)) (E:\Programs\MiKTex\tex/latex/amsmath\amsbsy.sty
Package: amsbsy 1999/11/29 v1.2d Bold Symbols
\pmbraise@=\dimen140
) (E:\Programs\MiKTex\tex/latex/amsmath\amsopn.sty
Package: amsopn 2022/04/08 v2.04 operator names
)
\inf@bad=\count193
LaTeX Info: Redefining \frac on input line 234.
\uproot@=\count194
\leftroot@=\count195
LaTeX Info: Redefining \overline on input line 399.
LaTeX Info: Redefining \colon on input line 410.
\classnum@=\count196
\DOTSCASE@=\count197
LaTeX Info: Redefining \ldots on input line 496.
LaTeX Info: Redefining \dots on input line 499.
LaTeX Info: Redefining \cdots on input line 620.
\Mathstrutbox@=\box51
\strutbox@=\box52
LaTeX Info: Redefining \big on input line 722.
LaTeX Info: Redefining \Big on input line 723.
LaTeX Info: Redefining \bigg on input line 724.
LaTeX Info: Redefining \Bigg on input line 725.
\big@size=\dimen141
LaTeX Font Info:    Redeclaring font encoding OML on input line 743.
LaTeX Font Info:    Redeclaring font encoding OMS on input line 744.
\macc@depth=\count198
LaTeX Info: Redefining \bmod on input line 905.
LaTeX Info: Redefining \pmod on input line 910.
LaTeX Info: Redefining \smash on input line 940.
LaTeX Info: Redefining \relbar on input line 970.
LaTeX Info: Redefining \Relbar on input line 971.
\c@MaxMatrixCols=\count199
\dotsspace@=\muskip16
\c@parentequation=\count266
\dspbrk@lvl=\count267
\tag@help=\toks18
\row@=\count268
\column@=\count269
\maxfields@=\count270
\andhelp@=\toks19
\eqnshift@=\dimen142
\alignsep@=\dimen143
\tagshift@=\dimen144
\tagwidth@=\dimen145
\totwidth@=\dimen146
\lineht@=\dimen147
\@envbody=\toks20
\multlinegap=\skip50
\multlinetaggap=\skip51
\mathdisplay@stack=\toks21
LaTeX Info: Redefining \[ on input line 2953.
LaTeX Info: Redefining \] on input line 2954.
) (E:\Programs\MiKTex\tex/latex/graphics\graphicx.sty
Package: graphicx 2021/09/16 v1.2d Enhanced LaTeX Graphics (DPC,SPQR)
 (E:\Programs\MiKTex\tex/latex/graphics\keyval.sty
Package: keyval 2022/05/29 v1.15 key=value parser (DPC)
\KV@toks@=\toks22
) (E:\Programs\MiKTex\tex/latex/graphics\graphics.sty
Package: graphics 2022/03/10 v1.4e Standard LaTeX Graphics (DPC,SPQR)
 (E:\Programs\MiKTex\tex/latex/graphics\trig.sty
Package: trig 2021/08/11 v1.11 sin cos tan (DPC)
) (E:\Programs\MiKTex\tex/latex/graphics-cfg\graphics.cfg
File: graphics.cfg 2016/06/04 v1.11 sample graphics configuration
)
Package graphics Info: Driver file: pdftex.def on input line 107.
 (E:\Programs\MiKTex\tex/latex/graphics-def\pdftex.def
File: pdftex.def 2020/10/05 v1.2a Graphics/color driver for pdftex
))
\Gin@req@height=\dimen148
\Gin@req@width=\dimen149
) (E:\Programs\MiKTex\tex/latex/algorithms\algorithm.sty
Package: algorithm 2009/08/24 v0.1 Document Style `algorithm' - floating environment
 (E:\Programs\MiKTex\tex/latex/float\float.sty
Package: float 2001/11/08 v1.3d Float enhancements (AL)
\c@float@type=\count271
\float@exts=\toks23
\float@box=\box53
\@float@everytoks=\toks24
\@floatcapt=\box54
) (E:\Programs\MiKTex\tex/latex/base\ifthen.sty
Package: ifthen 2022/04/13 v1.1d Standard LaTeX ifthen package (DPC)
)
\@float@every@algorithm=\toks25
\c@algorithm=\count272
) (E:\Programs\MiKTex\tex/latex/algorithmicx\algpseudocode.sty
Package: algpseudocode 
 (E:\Programs\MiKTex\tex/latex/algorithmicx\algorithmicx.sty
Package: algorithmicx 2005/04/27 v1.2 Algorithmicx

Document Style algorithmicx 1.2 - a greatly improved `algorithmic' style
\c@ALG@line=\count273
\c@ALG@rem=\count274
\c@ALG@nested=\count275
\ALG@tlm=\skip52
\ALG@thistlm=\skip53
\c@ALG@Lnr=\count276
\c@ALG@blocknr=\count277
\c@ALG@storecount=\count278
\c@ALG@tmpcounter=\count279
\ALG@tmplength=\skip54
)
Document Style - pseudocode environments for use with the `algorithmicx' style
) (E:\Programs\MiKTex\tex/latex/l3backend\l3backend-pdftex.def
File: l3backend-pdftex.def 2022-08-30 L3 backend support: PDF output (pdfTeX)
\l__color_backend_stack_int=\count280
\l__pdf_internal_box=\box55
) (decomposizione_spettrale.aux)
\openout1 = `decomposizione_spettrale.aux'.

LaTeX Font Info:    Checking defaults for OML/cmm/m/it on input line 13.
LaTeX Font Info:    ... okay on input line 13.
LaTeX Font Info:    Checking defaults for OMS/cmsy/m/n on input line 13.
LaTeX Font Info:    ... okay on input line 13.
LaTeX Font Info:    Checking defaults for OT1/cmr/m/n on input line 13.
LaTeX Font Info:    ... okay on input line 13.
LaTeX Font Info:    Checking defaults for T1/cmr/m/n on input line 13.
LaTeX Font Info:    ... okay on input line 13.
LaTeX Font Info:    Checking defaults for TS1/cmr/m/n on input line 13.
LaTeX Font Info:    ... okay on input line 13.
LaTeX Font Info:    Checking defaults for OMX/cmex/m/n on input line 13.
LaTeX Font Info:    ... okay on input line 13.
LaTeX Font Info:    Checking defaults for U/cmr/m/n on input line 13.
LaTeX Font Info:    ... okay on input line 13.
 (E:\Programs\MiKTex\tex/context/base/mkii\supp-pdf.mkii
[Loading MPS to PDF converter (version 2006.09.02).]
\scratchcounter=\count281
\scratchdimen=\dimen150
\scratchbox=\box56
\nofMPsegments=\count282
\nofMParguments=\count283
\everyMPshowfont=\toks26
\MPscratchCnt=\count284
\MPscratchDim=\dimen151
\MPnumerator=\count285
\makeMPintoPDFobject=\count286
\everyMPtoPDFconversion=\toks27
) (E:\Programs\MiKTex\tex/latex/epstopdf-pkg\epstopdf-base.sty
Package: epstopdf-base 2020-01-24 v2.11 Base part for package epstopdf
Package epstopdf-base Info: Redefining graphics rule for `.eps' on input line 485.
 (E:\Programs\MiKTex\tex/latex/00miktex\epstopdf-sys.cfg
File: epstopdf-sys.cfg 2021/03/18 v2.0 Configuration of epstopdf for MiKTeX
))
LaTeX Font Info:    Trying to load font information for U+msa on input line 14.
 (E:\Programs\MiKTex\tex/latex/amsfonts\umsa.fd
File: umsa.fd 2013/01/14 v3.01 AMS symbols A
)
LaTeX Font Info:    Trying to load font information for U+msb on input line 14.
 (E:\Programs\MiKTex\tex/latex/amsfonts\umsb.fd
File: umsb.fd 2013/01/14 v3.01 AMS symbols B
)
<principal_axis.png, id=1, 1492.07437pt x 514.17094pt>
File: principal_axis.png Graphic file (type png)
<use principal_axis.png>
Package pdftex.def Info: principal_axis.png  used on input line 19.
(pdftex.def)             Requested size: 341.43306pt x 117.65271pt.
 [1

{C:/Users/Anthony322/AppData/Local/MiKTeX/fonts/map/pdftex/pdftex.map} <./principal_axis.png>]
Overfull \hbox (10.35492pt too wide) in paragraph at lines 57--58
 \OT1/cmr/bx/n/10 Sim-i-larit^^Ra di trasfor-mazioni lin-eari[] \OT1/cmr/m/n/10 Con-sid-e-ri-amo la seguente trasfor-mazione
 []

[2] [3]
Overfull \hbox (0.59723pt too wide) in paragraph at lines 103--104
 \OT1/cmr/bx/n/10 Teo-rema di Courat[] \OT1/cmr/m/n/10 L'autovettore as-so-ci-ato all'autovalore mas-simo si chiama
 []

File: principal_axis.png Graphic file (type png)
<use principal_axis.png>
Package pdftex.def Info: principal_axis.png  used on input line 108.
(pdftex.def)             Requested size: 341.43306pt x 117.65271pt.
[4] [5] [6] [7] (decomposizione_spettrale.aux) ) 
Here is how much of TeX's memory you used:
 3283 strings out of 475389
 49239 string characters out of 2789179
 391359 words of memory out of 3000000
 24632 multiletter control sequences out of 15000+600000
 478696 words of font info for 64 fonts, out of 8000000 for 9000
 1141 hyphenation exceptions out of 8191
 55i,13n,62p,412b,289s stack positions out of 10000i,1000n,20000p,200000b,80000s
<E:/Programs/MiKTex/fonts/type1/public/amsfonts/cm/cmbx10.pfb><E:/Programs/MiKTex/fonts/type1/public/amsfonts/cm/cmbx12.pfb><E:/Programs/MiKTex/fonts/type1/public/amsfonts/cm/cmbx7.pfb><E:/Programs/MiKTex/fonts/type1/public/amsfonts/cm/cmbx9.pfb><E:/Programs/MiKTex/fonts/type1/public/amsfonts/cm/cmcsc10.pfb><E:/Programs/MiKTex/fonts/type1/public/amsfonts/cm/cmex10.pfb><E:/Programs/MiKTex/fonts/type1/public/amsfonts/cm/cmmi10.pfb><E:/Programs/MiKTex/fonts/type1/public/amsfonts/cm/cmmi5.pfb><E:/Programs/MiKTex/fonts/type1/public/amsfonts/cm/cmmi7.pfb><E:/Programs/MiKTex/fonts/type1/public/amsfonts/cm/cmr10.pfb><E:/Programs/MiKTex/fonts/type1/public/amsfonts/cm/cmr12.pfb><E:/Programs/MiKTex/fonts/type1/public/amsfonts/cm/cmr17.pfb><E:/Programs/MiKTex/fonts/type1/public/amsfonts/cm/cmr5.pfb><E:/Programs/MiKTex/fonts/type1/public/amsfonts/cm/cmr7.pfb><E:/Programs/MiKTex/fonts/type1/public/amsfonts/cm/cmsy10.pfb><E:/Programs/MiKTex/fonts/type1/public/amsfonts/cm/cmsy7.pfb><E:/Programs/MiKTex/fonts/type1/public/amsfonts/cm/cmti10.pfb><E:/Programs/MiKTex/fonts/type1/public/amsfonts/symbols/msbm10.pfb>
Output written on decomposizione_spettrale.pdf (7 pages, 276597 bytes).
PDF statistics:
 119 PDF objects out of 1000 (max. 8388607)
 0 named destinations out of 1000 (max. 500000)
 6 words of extra memory for PDF output out of 10000 (max. 10000000)

